docker-compose : time="2025-12-31T17:18:36-03:00" level=warning 
msg="C:\\Sistemas_Fabiano\\tatyStore\\tatystore-backend\\docker-compose.yml: the 
attribute `version` is obsolete, it will be ignored, please remove it to avoid 
potential confusion"
No linha:1 caractere:1
+ docker-compose exec -T api pytest tests/test_credit_validation_tdd.py ...
+ ~~~~~~~~~~~~~~~~~~~~~~~~~~~~~~~~~~~~~~~~~~~~~~~~~~~~~~~~~~~~~~~~~~~~~
    + CategoryInfo          : NotSpecified: (time="2025-12-3...tial confusion":Stri 
   ng) [], RemoteException
    + FullyQualifiedErrorId : NativeCommandError
 
============================= test session starts ==============================
platform linux -- Python 3.11.14, pytest-7.4.3, pluggy-1.6.0 -- /usr/local/bin/python3.11
cachedir: .pytest_cache
rootdir: /app
configfile: pytest.ini
plugins: cov-4.1.0, asyncio-0.21.1, anyio-4.12.0
asyncio: mode=Mode.STRICT
collecting ... collected 1 item

tests/test_credit_validation_tdd.py::test_credit_sale_with_complete_customer_should_pass FAILED [100%]

=================================== FAILURES ===================================
_____________ test_credit_sale_with_complete_customer_should_pass ______________
app/api/v1/endpoints/sales.py:249: in create_sale
    if sale_data.first_due_date:
/usr/local/lib/python3.11/site-packages/pydantic/main.py:891: in __getattr__
    raise AttributeError(f'{type(self).__name__!r} object has no attribute {item!r}')
E   AttributeError: 'SaleCreate' object has no attribute 'first_due_date'

During handling of the above exception, another exception occurred:
tests/test_credit_validation_tdd.py:351: in test_credit_sale_with_complete_customer_should_pass
    sale = create_sale(sale_data, current_user=test_user, db=db_session)
app/api/v1/endpoints/sales.py:281: in create_sale
    raise HTTPException(
E   fastapi.exceptions.HTTPException: 500: Erro ao processar venda: 'SaleCreate' object has no attribute 'first_due_date'
=============================== warnings summary ===============================
../usr/local/lib/python3.11/site-packages/passlib/utils/__init__.py:854
  /usr/local/lib/python3.11/site-packages/passlib/utils/__init__.py:854: DeprecationWarning: 'crypt' is deprecated and slated for removal in Python 3.13
    from crypt import crypt as _crypt

../usr/local/lib/python3.11/site-packages/pythonjsonlogger/jsonlogger.py:11
  /usr/local/lib/python3.11/site-packages/pythonjsonlogger/jsonlogger.py:11: DeprecationWarning: pythonjsonlogger.jsonlogger has been moved to pythonjsonlogger.json
    warnings.warn(

-- Docs: https://docs.pytest.org/en/stable/how-to/capture-warnings.html
=========================== short test summary info ============================
FAILED tests/test_credit_validation_tdd.py::test_credit_sale_with_complete_customer_should_pass
======================== 1 failed, 2 warnings in 0.26s =========================
